{"/Users/beezen/mine/github/nucm/src/actions/base.js": {"path":"/Users/beezen/mine/github/nucm/src/actions/base.js","statementMap":{"0":{"start":{"line":9,"column":41},"end":{"line":9,"column":55}},"1":{"start":{"line":10,"column":21},"end":{"line":10,"column":64}},"2":{"start":{"line":11,"column":17},"end":{"line":11,"column":19}},"3":{"start":{"line":12,"column":22},"end":{"line":24,"column":3}},"4":{"start":{"line":13,"column":4},"end":{"line":23,"column":18}},"5":{"start":{"line":15,"column":27},"end":{"line":17,"column":58}},"6":{"start":{"line":18,"column":8},"end":{"line":20,"column":9}},"7":{"start":{"line":19,"column":10},"end":{"line":19,"column":75}},"8":{"start":{"line":21,"column":8},"end":{"line":21,"column":59}},"9":{"start":{"line":25,"column":23},"end":{"line":25,"column":38}},"10":{"start":{"line":26,"column":2},"end":{"line":28,"column":5}},"11":{"start":{"line":29,"column":2},"end":{"line":45,"column":3}},"12":{"start":{"line":30,"column":4},"end":{"line":30,"column":35}},"13":{"start":{"line":31,"column":4},"end":{"line":39,"column":20}},"14":{"start":{"line":34,"column":10},"end":{"line":36,"column":33}},"15":{"start":{"line":37,"column":8},"end":{"line":37,"column":80}},"16":{"start":{"line":40,"column":4},"end":{"line":40,"column":26}},"17":{"start":{"line":42,"column":20},"end":{"line":42,"column":74}},"18":{"start":{"line":43,"column":4},"end":{"line":43,"column":82}},"19":{"start":{"line":44,"column":4},"end":{"line":44,"column":53}},"20":{"start":{"line":46,"column":2},"end":{"line":46,"column":18}},"21":{"start":{"line":51,"column":41},"end":{"line":51,"column":55}},"22":{"start":{"line":52,"column":20},"end":{"line":52,"column":34}},"23":{"start":{"line":53,"column":21},"end":{"line":53,"column":36}},"24":{"start":{"line":54,"column":20},"end":{"line":54,"column":67}},"25":{"start":{"line":55,"column":2},"end":{"line":58,"column":3}},"26":{"start":{"line":56,"column":4},"end":{"line":56,"column":59}},"27":{"start":{"line":57,"column":4},"end":{"line":57,"column":11}},"28":{"start":{"line":59,"column":2},"end":{"line":60,"column":39}},"29":{"start":{"line":61,"column":2},"end":{"line":65,"column":5}},"30":{"start":{"line":62,"column":4},"end":{"line":64,"column":5}},"31":{"start":{"line":63,"column":6},"end":{"line":63,"column":44}},"32":{"start":{"line":66,"column":2},"end":{"line":66,"column":41}},"33":{"start":{"line":67,"column":2},"end":{"line":67,"column":34}},"34":{"start":{"line":68,"column":2},"end":{"line":68,"column":32}},"35":{"start":{"line":69,"column":2},"end":{"line":69,"column":71}},"36":{"start":{"line":74,"column":41},"end":{"line":74,"column":55}},"37":{"start":{"line":75,"column":23},"end":{"line":75,"column":38}},"38":{"start":{"line":76,"column":20},"end":{"line":76,"column":67}},"39":{"start":{"line":77,"column":2},"end":{"line":77,"column":49}},"40":{"start":{"line":78,"column":2},"end":{"line":78,"column":45}},"41":{"start":{"line":79,"column":2},"end":{"line":79,"column":58}},"42":{"start":{"line":80,"column":2},"end":{"line":80,"column":34}},"43":{"start":{"line":81,"column":2},"end":{"line":81,"column":61}},"44":{"start":{"line":82,"column":2},"end":{"line":85,"column":3}},"45":{"start":{"line":84,"column":4},"end":{"line":84,"column":21}},"46":{"start":{"line":90,"column":41},"end":{"line":90,"column":55}},"47":{"start":{"line":91,"column":23},"end":{"line":91,"column":38}},"48":{"start":{"line":92,"column":20},"end":{"line":92,"column":67}},"49":{"start":{"line":93,"column":2},"end":{"line":96,"column":3}},"50":{"start":{"line":94,"column":4},"end":{"line":94,"column":61}},"51":{"start":{"line":95,"column":4},"end":{"line":95,"column":11}},"52":{"start":{"line":97,"column":2},"end":{"line":97,"column":27}},"53":{"start":{"line":98,"column":2},"end":{"line":98,"column":34}},"54":{"start":{"line":99,"column":2},"end":{"line":99,"column":64}}},"fnMap":{"0":{"name":"getUserList","decl":{"start":{"line":8,"column":16},"end":{"line":8,"column":27}},"loc":{"start":{"line":8,"column":37},"end":{"line":47,"column":1}},"line":8},"1":{"name":"(anonymous_1)","decl":{"start":{"line":12,"column":22},"end":{"line":12,"column":23}},"loc":{"start":{"line":12,"column":49},"end":{"line":24,"column":3}},"line":12},"2":{"name":"(anonymous_2)","decl":{"start":{"line":14,"column":11},"end":{"line":14,"column":12}},"loc":{"start":{"line":14,"column":18},"end":{"line":22,"column":7}},"line":14},"3":{"name":"(anonymous_3)","decl":{"start":{"line":32,"column":11},"end":{"line":32,"column":12}},"loc":{"start":{"line":32,"column":27},"end":{"line":38,"column":7}},"line":32},"4":{"name":"changeUser","decl":{"start":{"line":50,"column":16},"end":{"line":50,"column":26}},"loc":{"start":{"line":50,"column":33},"end":{"line":70,"column":1}},"line":50},"5":{"name":"(anonymous_5)","decl":{"start":{"line":61,"column":35},"end":{"line":61,"column":36}},"loc":{"start":{"line":61,"column":42},"end":{"line":65,"column":3}},"line":61},"6":{"name":"addUser","decl":{"start":{"line":73,"column":16},"end":{"line":73,"column":23}},"loc":{"start":{"line":73,"column":37},"end":{"line":86,"column":1}},"line":73},"7":{"name":"removeUser","decl":{"start":{"line":89,"column":16},"end":{"line":89,"column":26}},"loc":{"start":{"line":89,"column":33},"end":{"line":100,"column":1}},"line":89}},"branchMap":{"0":{"loc":{"start":{"line":12,"column":31},"end":{"line":12,"column":47}},"type":"default-arg","locations":[{"start":{"line":12,"column":45},"end":{"line":12,"column":47}}],"line":12},"1":{"loc":{"start":{"line":15,"column":27},"end":{"line":17,"column":58}},"type":"cond-expr","locations":[{"start":{"line":16,"column":12},"end":{"line":16,"column":45}},{"start":{"line":17,"column":12},"end":{"line":17,"column":58}}],"line":15},"2":{"loc":{"start":{"line":18,"column":8},"end":{"line":20,"column":9}},"type":"if","locations":[{"start":{"line":18,"column":8},"end":{"line":20,"column":9}},{"start":{},"end":{}}],"line":18},"3":{"loc":{"start":{"line":29,"column":2},"end":{"line":45,"column":3}},"type":"if","locations":[{"start":{"line":29,"column":2},"end":{"line":45,"column":3}},{"start":{"line":41,"column":9},"end":{"line":45,"column":3}}],"line":29},"4":{"loc":{"start":{"line":34,"column":10},"end":{"line":36,"column":33}},"type":"cond-expr","locations":[{"start":{"line":35,"column":14},"end":{"line":35,"column":48}},{"start":{"line":36,"column":14},"end":{"line":36,"column":33}}],"line":34},"5":{"loc":{"start":{"line":44,"column":16},"end":{"line":44,"column":51}},"type":"cond-expr","locations":[{"start":{"line":44,"column":26},"end":{"line":44,"column":34}},{"start":{"line":44,"column":37},"end":{"line":44,"column":51}}],"line":44},"6":{"loc":{"start":{"line":54,"column":20},"end":{"line":54,"column":67}},"type":"binary-expr","locations":[{"start":{"line":54,"column":20},"end":{"line":54,"column":61}},{"start":{"line":54,"column":65},"end":{"line":54,"column":67}}],"line":54},"7":{"loc":{"start":{"line":55,"column":2},"end":{"line":58,"column":3}},"type":"if","locations":[{"start":{"line":55,"column":2},"end":{"line":58,"column":3}},{"start":{},"end":{}}],"line":55},"8":{"loc":{"start":{"line":62,"column":4},"end":{"line":64,"column":5}},"type":"if","locations":[{"start":{"line":62,"column":4},"end":{"line":64,"column":5}},{"start":{},"end":{}}],"line":62},"9":{"loc":{"start":{"line":76,"column":20},"end":{"line":76,"column":67}},"type":"binary-expr","locations":[{"start":{"line":76,"column":20},"end":{"line":76,"column":61}},{"start":{"line":76,"column":65},"end":{"line":76,"column":67}}],"line":76},"10":{"loc":{"start":{"line":77,"column":2},"end":{"line":77,"column":48}},"type":"binary-expr","locations":[{"start":{"line":77,"column":2},"end":{"line":77,"column":20}},{"start":{"line":77,"column":25},"end":{"line":77,"column":47}}],"line":77},"11":{"loc":{"start":{"line":82,"column":2},"end":{"line":85,"column":3}},"type":"if","locations":[{"start":{"line":82,"column":2},"end":{"line":85,"column":3}},{"start":{},"end":{}}],"line":82},"12":{"loc":{"start":{"line":92,"column":20},"end":{"line":92,"column":67}},"type":"binary-expr","locations":[{"start":{"line":92,"column":20},"end":{"line":92,"column":61}},{"start":{"line":92,"column":65},"end":{"line":92,"column":67}}],"line":92},"13":{"loc":{"start":{"line":93,"column":2},"end":{"line":96,"column":3}},"type":"if","locations":[{"start":{"line":93,"column":2},"end":{"line":96,"column":3}},{"start":{},"end":{}}],"line":93}},"s":{"0":2,"1":2,"2":2,"3":2,"4":4,"5":8,"6":8,"7":4,"8":4,"9":2,"10":2,"11":2,"12":1,"13":1,"14":3,"15":3,"16":1,"17":1,"18":1,"19":1,"20":2,"21":2,"22":2,"23":2,"24":2,"25":2,"26":0,"27":0,"28":2,"29":2,"30":4,"31":1,"32":2,"33":2,"34":2,"35":2,"36":2,"37":2,"38":2,"39":2,"40":2,"41":2,"42":2,"43":2,"44":2,"45":0,"46":2,"47":2,"48":2,"49":2,"50":0,"51":0,"52":2,"53":2,"54":2},"f":{"0":2,"1":4,"2":8,"3":3,"4":2,"5":4,"6":2,"7":2},"b":{"0":[0],"1":[0,8],"2":[4,4],"3":[1,1],"4":[1,2],"5":[1,0],"6":[2,0],"7":[0,2],"8":[1,3],"9":[2,0],"10":[2,2],"11":[0,2],"12":[2,0],"13":[0,2]},"_coverageSchema":"1a1c01bbd47fc00a2c39e90264f33305004495a9","hash":"8a34491ac110889b81a1c36311d2add381be020b"}
,"/Users/beezen/mine/github/nucm/src/common/env.js": {"path":"/Users/beezen/mine/github/nucm/src/common/env.js","statementMap":{"0":{"start":{"line":1,"column":0},"end":{"line":1,"column":27}},"1":{"start":{"line":9,"column":30},"end":{"line":9,"column":51}}},"fnMap":{},"branchMap":{},"s":{"0":2,"1":2},"f":{},"b":{},"_coverageSchema":"1a1c01bbd47fc00a2c39e90264f33305004495a9","hash":"c1ac853590fa91dafb523783fe9844394cbf5b49"}
,"/Users/beezen/mine/github/nucm/src/common/index.js": {"path":"/Users/beezen/mine/github/nucm/src/common/index.js","statementMap":{"0":{"start":{"line":11,"column":16},"end":{"line":11,"column":28}},"1":{"start":{"line":12,"column":20},"end":{"line":12,"column":52}},"2":{"start":{"line":13,"column":19},"end":{"line":13,"column":50}},"3":{"start":{"line":14,"column":19},"end":{"line":14,"column":50}},"4":{"start":{"line":22,"column":2},"end":{"line":22,"column":78}},"5":{"start":{"line":22,"column":22},"end":{"line":22,"column":78}},"6":{"start":{"line":23,"column":19},"end":{"line":27,"column":3}},"7":{"start":{"line":28,"column":2},"end":{"line":28,"column":56}},"8":{"start":{"line":33,"column":15},"end":{"line":33,"column":63}},"9":{"start":{"line":34,"column":14},"end":{"line":34,"column":61}},"10":{"start":{"line":35,"column":12},"end":{"line":35,"column":16}},"11":{"start":{"line":36,"column":2},"end":{"line":38,"column":3}},"12":{"start":{"line":37,"column":4},"end":{"line":37,"column":58}},"13":{"start":{"line":39,"column":2},"end":{"line":43,"column":4}},"14":{"start":{"line":51,"column":2},"end":{"line":54,"column":3}},"15":{"start":{"line":52,"column":4},"end":{"line":52,"column":59}},"16":{"start":{"line":53,"column":4},"end":{"line":53,"column":17}},"17":{"start":{"line":55,"column":2},"end":{"line":64,"column":3}},"18":{"start":{"line":56,"column":30},"end":{"line":61,"column":5}},"19":{"start":{"line":62,"column":4},"end":{"line":62,"column":35}},"20":{"start":{"line":63,"column":4},"end":{"line":63,"column":68}},"21":{"start":{"line":65,"column":2},"end":{"line":65,"column":14}},"22":{"start":{"line":74,"column":20},"end":{"line":74,"column":56}},"23":{"start":{"line":75,"column":2},"end":{"line":75,"column":46}},"24":{"start":{"line":84,"column":19},"end":{"line":84,"column":40}},"25":{"start":{"line":85,"column":2},"end":{"line":85,"column":27}},"26":{"start":{"line":85,"column":17},"end":{"line":85,"column":27}},"27":{"start":{"line":86,"column":23},"end":{"line":86,"column":33}},"28":{"start":{"line":87,"column":21},"end":{"line":87,"column":23}},"29":{"start":{"line":88,"column":19},"end":{"line":88,"column":79}},"30":{"start":{"line":91,"column":21},"end":{"line":91,"column":80}},"31":{"start":{"line":92,"column":2},"end":{"line":95,"column":3}},"32":{"start":{"line":94,"column":4},"end":{"line":94,"column":58}},"33":{"start":{"line":97,"column":2},"end":{"line":102,"column":3}},"34":{"start":{"line":98,"column":26},"end":{"line":98,"column":90}},"35":{"start":{"line":99,"column":4},"end":{"line":101,"column":5}},"36":{"start":{"line":100,"column":6},"end":{"line":100,"column":25}},"37":{"start":{"line":103,"column":2},"end":{"line":107,"column":4}},"38":{"start":{"line":115,"column":2},"end":{"line":118,"column":3}},"39":{"start":{"line":116,"column":4},"end":{"line":116,"column":99}},"40":{"start":{"line":117,"column":4},"end":{"line":117,"column":17}},"41":{"start":{"line":119,"column":2},"end":{"line":119,"column":14}},"42":{"start":{"line":127,"column":2},"end":{"line":127,"column":33}},"43":{"start":{"line":127,"column":26},"end":{"line":127,"column":33}},"44":{"start":{"line":128,"column":21},"end":{"line":128,"column":32}},"45":{"start":{"line":129,"column":25},"end":{"line":129,"column":54}},"46":{"start":{"line":130,"column":2},"end":{"line":130,"column":41}},"47":{"start":{"line":130,"column":34},"end":{"line":130,"column":41}},"48":{"start":{"line":132,"column":2},"end":{"line":136,"column":5}},"49":{"start":{"line":137,"column":2},"end":{"line":137,"column":39}}},"fnMap":{"0":{"name":"setConfig","decl":{"start":{"line":21,"column":16},"end":{"line":21,"column":25}},"loc":{"start":{"line":21,"column":38},"end":{"line":29,"column":1}},"line":21},"1":{"name":"getConfig","decl":{"start":{"line":32,"column":16},"end":{"line":32,"column":25}},"loc":{"start":{"line":32,"column":28},"end":{"line":44,"column":1}},"line":32},"2":{"name":"checkConfigInit","decl":{"start":{"line":50,"column":16},"end":{"line":50,"column":31}},"loc":{"start":{"line":50,"column":34},"end":{"line":66,"column":1}},"line":50},"3":{"name":"getLangMessage","decl":{"start":{"line":73,"column":16},"end":{"line":73,"column":30}},"loc":{"start":{"line":73,"column":50},"end":{"line":76,"column":1}},"line":73},"4":{"name":"getRegistryConfig","decl":{"start":{"line":83,"column":16},"end":{"line":83,"column":33}},"loc":{"start":{"line":83,"column":42},"end":{"line":108,"column":1}},"line":83},"5":{"name":"isEnabled","decl":{"start":{"line":114,"column":16},"end":{"line":114,"column":25}},"loc":{"start":{"line":114,"column":42},"end":{"line":120,"column":1}},"line":114},"6":{"name":"prepareEnv","decl":{"start":{"line":126,"column":16},"end":{"line":126,"column":26}},"loc":{"start":{"line":126,"column":37},"end":{"line":138,"column":1}},"line":126}},"branchMap":{"0":{"loc":{"start":{"line":22,"column":2},"end":{"line":22,"column":78}},"type":"if","locations":[{"start":{"line":22,"column":2},"end":{"line":22,"column":78}},{"start":{},"end":{}}],"line":22},"1":{"loc":{"start":{"line":22,"column":6},"end":{"line":22,"column":20}},"type":"binary-expr","locations":[{"start":{"line":22,"column":6},"end":{"line":22,"column":10}},{"start":{"line":22,"column":14},"end":{"line":22,"column":20}}],"line":22},"2":{"loc":{"start":{"line":36,"column":2},"end":{"line":38,"column":3}},"type":"if","locations":[{"start":{"line":36,"column":2},"end":{"line":38,"column":3}},{"start":{},"end":{}}],"line":36},"3":{"loc":{"start":{"line":51,"column":2},"end":{"line":54,"column":3}},"type":"if","locations":[{"start":{"line":51,"column":2},"end":{"line":54,"column":3}},{"start":{},"end":{}}],"line":51},"4":{"loc":{"start":{"line":55,"column":2},"end":{"line":64,"column":3}},"type":"if","locations":[{"start":{"line":55,"column":2},"end":{"line":64,"column":3}},{"start":{},"end":{}}],"line":55},"5":{"loc":{"start":{"line":74,"column":20},"end":{"line":74,"column":56}},"type":"binary-expr","locations":[{"start":{"line":74,"column":20},"end":{"line":74,"column":24}},{"start":{"line":74,"column":28},"end":{"line":74,"column":48}},{"start":{"line":74,"column":52},"end":{"line":74,"column":56}}],"line":74},"6":{"loc":{"start":{"line":85,"column":2},"end":{"line":85,"column":27}},"type":"if","locations":[{"start":{"line":85,"column":2},"end":{"line":85,"column":27}},{"start":{},"end":{}}],"line":85},"7":{"loc":{"start":{"line":92,"column":2},"end":{"line":95,"column":3}},"type":"if","locations":[{"start":{"line":92,"column":2},"end":{"line":95,"column":3}},{"start":{},"end":{}}],"line":92},"8":{"loc":{"start":{"line":92,"column":6},"end":{"line":92,"column":31}},"type":"binary-expr","locations":[{"start":{"line":92,"column":6},"end":{"line":92,"column":16}},{"start":{"line":92,"column":20},"end":{"line":92,"column":31}}],"line":92},"9":{"loc":{"start":{"line":99,"column":4},"end":{"line":101,"column":5}},"type":"if","locations":[{"start":{"line":99,"column":4},"end":{"line":101,"column":5}},{"start":{},"end":{}}],"line":99},"10":{"loc":{"start":{"line":115,"column":2},"end":{"line":118,"column":3}},"type":"if","locations":[{"start":{"line":115,"column":2},"end":{"line":118,"column":3}},{"start":{},"end":{}}],"line":115},"11":{"loc":{"start":{"line":127,"column":2},"end":{"line":127,"column":33}},"type":"if","locations":[{"start":{"line":127,"column":2},"end":{"line":127,"column":33}},{"start":{},"end":{}}],"line":127},"12":{"loc":{"start":{"line":130,"column":2},"end":{"line":130,"column":41}},"type":"if","locations":[{"start":{"line":130,"column":2},"end":{"line":130,"column":41}},{"start":{},"end":{}}],"line":130},"13":{"loc":{"start":{"line":135,"column":10},"end":{"line":135,"column":52}},"type":"binary-expr","locations":[{"start":{"line":135,"column":10},"end":{"line":135,"column":44}},{"start":{"line":135,"column":48},"end":{"line":135,"column":52}}],"line":135},"14":{"loc":{"start":{"line":137,"column":2},"end":{"line":137,"column":38}},"type":"binary-expr","locations":[{"start":{"line":137,"column":2},"end":{"line":137,"column":10}},{"start":{"line":137,"column":14},"end":{"line":137,"column":38}}],"line":137}},"s":{"0":2,"1":2,"2":2,"3":2,"4":8,"5":0,"6":8,"7":8,"8":8,"9":8,"10":8,"11":8,"12":8,"13":8,"14":1,"15":0,"16":0,"17":1,"18":0,"19":0,"20":0,"21":1,"22":11,"23":11,"24":5,"25":5,"26":1,"27":4,"28":4,"29":4,"30":4,"31":4,"32":4,"33":4,"34":48,"35":48,"36":4,"37":4,"38":3,"39":1,"40":1,"41":2,"42":1,"43":0,"44":1,"45":1,"46":1,"47":0,"48":1,"49":1},"f":{"0":8,"1":8,"2":1,"3":11,"4":5,"5":3,"6":1},"b":{"0":[0,8],"1":[8,8],"2":[8,0],"3":[0,1],"4":[0,1],"5":[11,9,1],"6":[1,4],"7":[4,0],"8":[4,4],"9":[4,44],"10":[1,2],"11":[0,1],"12":[0,1],"13":[1,1],"14":[1,1]},"_coverageSchema":"1a1c01bbd47fc00a2c39e90264f33305004495a9","hash":"71b5e40a77eab646aae74a57409b9348799d17c7"}
,"/Users/beezen/mine/github/nucm/src/lang/index.js": {"path":"/Users/beezen/mine/github/nucm/src/lang/index.js","statementMap":{},"fnMap":{},"branchMap":{},"s":{},"f":{},"b":{},"_coverageSchema":"1a1c01bbd47fc00a2c39e90264f33305004495a9","hash":"fea0c4e80e1d784bf3697bd05f48fe1c7f388e5c"}
,"/Users/beezen/mine/github/nucm/src/utils/index.js": {"path":"/Users/beezen/mine/github/nucm/src/utils/index.js","statementMap":{"0":{"start":{"line":8,"column":2},"end":{"line":8,"column":60}},"1":{"start":{"line":17,"column":2},"end":{"line":17,"column":34}},"2":{"start":{"line":17,"column":23},"end":{"line":17,"column":34}},"3":{"start":{"line":18,"column":2},"end":{"line":18,"column":56}},"4":{"start":{"line":18,"column":24},"end":{"line":18,"column":56}},"5":{"start":{"line":19,"column":2},"end":{"line":19,"column":52}},"6":{"start":{"line":29,"column":2},"end":{"line":29,"column":21}},"7":{"start":{"line":30,"column":2},"end":{"line":30,"column":21}},"8":{"start":{"line":31,"column":14},"end":{"line":31,"column":44}},"9":{"start":{"line":33,"column":2},"end":{"line":35,"column":3}},"10":{"start":{"line":34,"column":4},"end":{"line":34,"column":17}},"11":{"start":{"line":36,"column":2},"end":{"line":38,"column":3}},"12":{"start":{"line":37,"column":4},"end":{"line":37,"column":17}},"13":{"start":{"line":40,"column":2},"end":{"line":49,"column":3}},"14":{"start":{"line":40,"column":15},"end":{"line":40,"column":16}},"15":{"start":{"line":41,"column":17},"end":{"line":41,"column":32}},"16":{"start":{"line":42,"column":17},"end":{"line":42,"column":32}},"17":{"start":{"line":44,"column":4},"end":{"line":48,"column":5}},"18":{"start":{"line":45,"column":6},"end":{"line":45,"column":15}},"19":{"start":{"line":46,"column":11},"end":{"line":48,"column":5}},"20":{"start":{"line":47,"column":6},"end":{"line":47,"column":16}},"21":{"start":{"line":50,"column":2},"end":{"line":50,"column":11}}},"fnMap":{"0":{"name":"line","decl":{"start":{"line":7,"column":16},"end":{"line":7,"column":20}},"loc":{"start":{"line":7,"column":31},"end":{"line":9,"column":1}},"line":7},"1":{"name":"desensitize","decl":{"start":{"line":16,"column":16},"end":{"line":16,"column":27}},"loc":{"start":{"line":16,"column":33},"end":{"line":20,"column":1}},"line":16},"2":{"name":"compareVersion","decl":{"start":{"line":28,"column":16},"end":{"line":28,"column":30}},"loc":{"start":{"line":28,"column":39},"end":{"line":51,"column":1}},"line":28}},"branchMap":{"0":{"loc":{"start":{"line":17,"column":2},"end":{"line":17,"column":34}},"type":"if","locations":[{"start":{"line":17,"column":2},"end":{"line":17,"column":34}},{"start":{},"end":{}}],"line":17},"1":{"loc":{"start":{"line":18,"column":2},"end":{"line":18,"column":56}},"type":"if","locations":[{"start":{"line":18,"column":2},"end":{"line":18,"column":56}},{"start":{},"end":{}}],"line":18},"2":{"loc":{"start":{"line":44,"column":4},"end":{"line":48,"column":5}},"type":"if","locations":[{"start":{"line":44,"column":4},"end":{"line":48,"column":5}},{"start":{"line":46,"column":11},"end":{"line":48,"column":5}}],"line":44},"3":{"loc":{"start":{"line":46,"column":11},"end":{"line":48,"column":5}},"type":"if","locations":[{"start":{"line":46,"column":11},"end":{"line":48,"column":5}},{"start":{},"end":{}}],"line":46}},"s":{"0":11,"1":11,"2":1,"3":10,"4":2,"5":8,"6":7,"7":7,"8":7,"9":7,"10":1,"11":7,"12":3,"13":7,"14":7,"15":16,"16":16,"17":16,"18":3,"19":13,"20":2,"21":2},"f":{"0":11,"1":11,"2":7},"b":{"0":[1,10],"1":[2,8],"2":[3,13],"3":[2,11]},"_coverageSchema":"1a1c01bbd47fc00a2c39e90264f33305004495a9","hash":"f101171fa93043c97cce18fb579d00db579d9596"}
}
