TN:
SF:src/actions/base.ts
FN:19,getUserList
FN:23,(anonymous_2)
FN:25,(anonymous_3)
FN:43,(anonymous_4)
FN:63,changeUser
FN:78,(anonymous_6)
FN:90,addUser
FN:106,removeUser
FNF:8
FNH:8
FNDA:2,getUserList
FNDA:7,(anonymous_2)
FNDA:12,(anonymous_3)
FNDA:6,(anonymous_4)
FNDA:2,changeUser
FNDA:4,(anonymous_6)
FNDA:2,addUser
FNDA:2,removeUser
DA:1,1
DA:2,1
DA:3,1
DA:5,1
DA:19,1
DA:20,2
DA:21,2
DA:22,2
DA:23,2
DA:24,7
DA:26,12
DA:29,12
DA:30,7
DA:32,5
DA:36,2
DA:37,2
DA:40,2
DA:41,1
DA:42,1
DA:45,6
DA:49,6
DA:52,1
DA:54,1
DA:56,1
DA:57,1
DA:59,2
DA:63,1
DA:64,2
DA:65,2
DA:66,2
DA:67,2
DA:68,2
DA:69,0
DA:70,0
DA:72,2
DA:73,2
DA:74,0
DA:76,2
DA:78,2
DA:79,4
DA:80,1
DA:83,2
DA:84,2
DA:85,2
DA:86,2
DA:90,1
DA:91,2
DA:92,2
DA:93,2
DA:94,2
DA:95,2
DA:96,2
DA:97,2
DA:98,2
DA:99,2
DA:101,0
DA:106,1
DA:107,2
DA:108,2
DA:109,2
DA:110,2
DA:111,0
DA:112,0
DA:114,2
DA:115,2
DA:116,2
LF:66
LH:60
BRDA:23,0,0,0
BRDA:26,1,0,0
BRDA:26,1,1,12
BRDA:29,2,0,7
BRDA:40,3,0,1
BRDA:40,3,1,1
BRDA:45,4,0,1
BRDA:45,4,1,5
BRDA:57,5,0,1
BRDA:57,5,1,0
BRDA:67,6,0,2
BRDA:67,6,1,0
BRDA:68,7,0,0
BRDA:73,8,0,0
BRDA:73,9,0,2
BRDA:73,9,1,0
BRDA:73,10,0,2
BRDA:73,10,1,2
BRDA:79,11,0,1
BRDA:93,12,0,2
BRDA:93,12,1,0
BRDA:94,13,0,2
BRDA:94,13,1,2
BRDA:99,14,0,0
BRDA:109,15,0,2
BRDA:109,15,1,0
BRDA:110,16,0,0
BRF:27
BRH:16
end_of_record
TN:
SF:src/common/env.ts
FNF:0
FNH:0
DA:1,2
DA:9,2
LF:2
LH:2
BRF:0
BRH:0
end_of_record
TN:
SF:src/common/index.ts
FN:46,setConfig
FN:57,getConfig
FN:75,checkConfigInit
FN:98,getRegistryConfig
FN:124,isEnabled
FN:136,setRegistryAlias
FN:149,(anonymous_6)
FN:165,prepareEnv
FN:166,(anonymous_8)
FN:186,initLanguage
FNF:10
FNH:9
FNDA:8,setConfig
FNDA:8,getConfig
FNDA:1,checkConfigInit
FNDA:4,getRegistryConfig
FNDA:3,isEnabled
FNDA:1,setRegistryAlias
FNDA:0,(anonymous_6)
FNDA:1,prepareEnv
FNDA:1,(anonymous_8)
FNDA:2,initLanguage
DA:1,2
DA:2,2
DA:3,2
DA:4,2
DA:5,2
DA:6,2
DA:7,2
DA:8,2
DA:9,2
DA:10,2
DA:11,2
DA:36,2
DA:37,2
DA:38,2
DA:39,2
DA:46,2
DA:47,8
DA:48,8
DA:53,8
DA:57,2
DA:58,8
DA:59,8
DA:60,8
DA:61,8
DA:62,8
DA:64,8
DA:75,2
DA:76,1
DA:77,0
DA:78,0
DA:80,1
DA:81,0
DA:87,0
DA:88,0
DA:90,1
DA:98,2
DA:99,4
DA:100,4
DA:101,4
DA:102,4
DA:103,4
DA:104,4
DA:106,4
DA:107,48
DA:108,48
DA:109,4
DA:112,4
DA:124,2
DA:125,3
DA:126,1
DA:127,1
DA:129,2
DA:136,2
DA:137,1
DA:138,1
DA:150,0
DA:151,0
DA:152,0
DA:153,0
DA:154,0
DA:156,0
DA:165,2
DA:166,1
DA:167,1
DA:168,1
DA:169,1
DA:170,1
DA:172,1
DA:177,1
DA:178,1
DA:186,2
DA:187,2
LF:72
LH:61
BRDA:47,0,0,0
BRDA:47,1,0,8
BRDA:47,1,1,8
BRDA:61,2,0,8
BRDA:76,3,0,0
BRDA:80,4,0,0
BRDA:99,5,0,4
BRDA:99,5,1,0
BRDA:99,6,0,0
BRDA:99,6,1,0
BRDA:99,7,0,0
BRDA:99,7,1,0
BRDA:99,8,0,0
BRDA:99,8,1,0
BRDA:99,9,0,0
BRDA:99,9,1,0
BRDA:100,10,0,0
BRDA:100,11,0,4
BRDA:100,11,1,4
BRDA:107,12,0,0
BRDA:107,12,1,48
BRDA:107,13,0,48
BRDA:107,13,1,48
BRDA:107,14,0,0
BRDA:107,14,1,48
BRDA:107,15,0,48
BRDA:107,15,1,48
BRDA:108,16,0,4
BRDA:125,17,0,1
BRDA:150,18,0,0
BRDA:152,19,0,0
BRDA:167,20,0,0
BRDA:170,21,0,0
BRDA:175,22,0,1
BRDA:175,22,1,0
BRDA:175,23,0,0
BRDA:175,23,1,1
BRDA:175,24,0,1
BRDA:175,24,1,1
BRDA:175,25,0,0
BRDA:175,25,1,1
BRDA:175,26,0,1
BRDA:175,26,1,1
BRDA:175,27,0,0
BRDA:175,27,1,1
BRDA:175,28,0,1
BRDA:175,28,1,1
BRDA:178,29,0,1
BRDA:178,29,1,0
BRDA:186,30,0,2
BRF:50
BRH:26
end_of_record
TN:
SF:src/lang/default/index.ts
FNF:0
FNH:0
DA:1,2
DA:2,2
DA:4,2
LF:3
LH:3
BRF:0
BRH:0
end_of_record
TN:
SF:src/utils/index.ts
FN:22,line
FN:31,desensitize
FN:43,compareVersion
FN:69,getPackageManager
FN:87,printLog
FN:105,getNrmModule
FN:117,getRegistryUrl
FNF:7
FNH:7
FNDA:15,line
FNDA:15,desensitize
FNDA:7,compareVersion
FNDA:1,getPackageManager
FNDA:13,printLog
FNDA:2,getNrmModule
FNDA:5,getRegistryUrl
DA:1,2
DA:2,2
DA:3,2
DA:5,2
DA:22,2
DA:23,15
DA:31,2
DA:32,15
DA:33,14
DA:34,9
DA:43,2
DA:44,7
DA:45,7
DA:46,7
DA:48,7
DA:49,1
DA:51,7
DA:52,3
DA:55,7
DA:56,16
DA:57,16
DA:59,16
DA:60,3
DA:61,13
DA:62,2
DA:65,2
DA:69,2
DA:71,1
DA:72,1
DA:73,1
DA:75,0
DA:87,2
DA:88,13
DA:89,13
DA:94,13
DA:95,13
DA:96,13
DA:97,13
DA:98,5
DA:100,8
DA:101,8
DA:105,2
DA:106,2
DA:107,2
DA:108,2
DA:110,0
DA:117,2
DA:118,5
DA:119,5
LF:49
LH:47
BRDA:32,0,0,1
BRDA:33,1,0,5
BRDA:44,2,0,7
BRDA:44,2,1,0
BRDA:45,3,0,7
BRDA:45,3,1,0
BRDA:59,4,0,3
BRDA:59,4,1,13
BRDA:61,5,0,2
BRDA:72,6,0,1
BRDA:87,7,0,2
BRDA:88,8,0,11
BRDA:88,9,0,8
BRDA:94,10,0,13
BRDA:94,10,1,2
BRDA:96,11,0,13
BRDA:96,11,1,8
BRDA:97,12,0,5
BRDA:108,13,0,2
BRF:19
BRH:17
end_of_record
