TN:
SF:src/actions/base.js
FN:8,getUserList
FN:12,(anonymous_1)
FN:14,(anonymous_2)
FN:32,(anonymous_3)
FN:50,changeUser
FN:61,(anonymous_5)
FN:73,addUser
FN:89,removeUser
FNF:8
FNH:8
FNDA:2,getUserList
FNDA:4,(anonymous_1)
FNDA:8,(anonymous_2)
FNDA:3,(anonymous_3)
FNDA:2,changeUser
FNDA:4,(anonymous_5)
FNDA:2,addUser
FNDA:2,removeUser
DA:9,2
DA:10,2
DA:11,2
DA:12,2
DA:13,4
DA:15,8
DA:18,8
DA:19,4
DA:21,4
DA:25,2
DA:26,2
DA:29,2
DA:30,1
DA:31,1
DA:34,3
DA:37,3
DA:40,1
DA:42,1
DA:43,1
DA:44,1
DA:46,2
DA:51,2
DA:52,2
DA:53,2
DA:54,2
DA:55,2
DA:56,0
DA:57,0
DA:59,2
DA:61,2
DA:62,4
DA:63,1
DA:66,2
DA:67,2
DA:68,2
DA:69,2
DA:74,2
DA:75,2
DA:76,2
DA:77,2
DA:78,2
DA:79,2
DA:80,2
DA:81,2
DA:82,2
DA:84,0
DA:90,2
DA:91,2
DA:92,2
DA:93,2
DA:94,0
DA:95,0
DA:97,2
DA:98,2
DA:99,2
LF:55
LH:50
BRDA:12,0,0,0
BRDA:15,1,0,0
BRDA:15,1,1,8
BRDA:18,2,0,4
BRDA:18,2,1,4
BRDA:29,3,0,1
BRDA:29,3,1,1
BRDA:34,4,0,1
BRDA:34,4,1,2
BRDA:44,5,0,1
BRDA:44,5,1,0
BRDA:54,6,0,2
BRDA:54,6,1,0
BRDA:55,7,0,0
BRDA:55,7,1,2
BRDA:62,8,0,1
BRDA:62,8,1,3
BRDA:76,9,0,2
BRDA:76,9,1,0
BRDA:77,10,0,2
BRDA:77,10,1,2
BRDA:82,11,0,0
BRDA:82,11,1,2
BRDA:92,12,0,2
BRDA:92,12,1,0
BRDA:93,13,0,0
BRDA:93,13,1,2
BRF:27
BRH:18
end_of_record
TN:
SF:src/common/env.js
FNF:0
FNH:0
DA:1,2
DA:9,2
LF:2
LH:2
BRF:0
BRH:0
end_of_record
TN:
SF:src/common/index.js
FN:21,setConfig
FN:32,getConfig
FN:50,checkConfigInit
FN:73,getLangMessage
FN:83,getRegistryConfig
FN:114,isEnabled
FN:126,prepareEnv
FNF:7
FNH:7
FNDA:8,setConfig
FNDA:8,getConfig
FNDA:1,checkConfigInit
FNDA:11,getLangMessage
FNDA:5,getRegistryConfig
FNDA:3,isEnabled
FNDA:1,prepareEnv
DA:11,2
DA:12,2
DA:13,2
DA:14,2
DA:22,8
DA:23,8
DA:28,8
DA:33,8
DA:34,8
DA:35,8
DA:36,8
DA:37,8
DA:39,8
DA:51,1
DA:52,0
DA:53,0
DA:55,1
DA:56,0
DA:62,0
DA:63,0
DA:65,1
DA:74,11
DA:75,11
DA:84,5
DA:85,5
DA:86,4
DA:87,4
DA:88,4
DA:91,4
DA:92,4
DA:94,4
DA:97,4
DA:98,48
DA:99,48
DA:100,4
DA:103,4
DA:115,3
DA:116,1
DA:117,1
DA:119,2
DA:127,1
DA:128,1
DA:129,1
DA:130,1
DA:132,1
DA:137,1
LF:46
LH:41
BRDA:22,0,0,0
BRDA:22,0,1,8
BRDA:22,1,0,8
BRDA:22,1,1,8
BRDA:36,2,0,8
BRDA:36,2,1,0
BRDA:51,3,0,0
BRDA:51,3,1,1
BRDA:55,4,0,0
BRDA:55,4,1,1
BRDA:74,5,0,11
BRDA:74,5,1,9
BRDA:74,5,2,1
BRDA:85,6,0,1
BRDA:85,6,1,4
BRDA:92,7,0,4
BRDA:92,7,1,0
BRDA:92,8,0,4
BRDA:92,8,1,4
BRDA:99,9,0,4
BRDA:99,9,1,44
BRDA:115,10,0,1
BRDA:115,10,1,2
BRDA:127,11,0,0
BRDA:127,11,1,1
BRDA:130,12,0,0
BRDA:130,12,1,1
BRDA:135,13,0,1
BRDA:135,13,1,1
BRDA:137,14,0,1
BRDA:137,14,1,1
BRF:31
BRH:24
end_of_record
TN:
SF:src/lang/index.js
FNF:0
FNH:0
LF:0
LH:0
BRF:0
BRH:0
end_of_record
TN:
SF:src/utils/index.js
FN:7,line
FN:16,desensitize
FN:28,compareVersion
FNF:3
FNH:3
FNDA:11,line
FNDA:11,desensitize
FNDA:7,compareVersion
DA:8,11
DA:17,11
DA:18,10
DA:19,8
DA:29,7
DA:30,7
DA:31,7
DA:33,7
DA:34,1
DA:36,7
DA:37,3
DA:40,7
DA:41,16
DA:42,16
DA:44,16
DA:45,3
DA:46,13
DA:47,2
DA:50,2
LF:19
LH:19
BRDA:17,0,0,1
BRDA:17,0,1,10
BRDA:18,1,0,2
BRDA:18,1,1,8
BRDA:44,2,0,3
BRDA:44,2,1,13
BRDA:46,3,0,2
BRDA:46,3,1,11
BRF:8
BRH:8
end_of_record
